<?xml version='1.0' encoding='UTF-8'?>
<testsuite hostname="ThinkBook" name="UserRepositoryImplTest" tests="4" errors="0" failures="0" skipped="0" time="3.74" timestamp="2024-09-18T09:49:22">
          <properties>
      <property name="java.specification.version" value="22"/><property name="sun.cpu.isalist" value="amd64"/><property name="sun.jnu.encoding" value="Cp1252"/><property name="sun.arch.data.model" value="64"/><property name="java.vendor.url" value="https://java.oracle.com/"/><property name="user.country.format" value="UZ"/><property name="sun.boot.library.path" value="C:\Program Files\Java\jdk-22\bin"/><property name="sun.java.command" value="xsbt.boot.Boot test"/><property name="jdk.debug" value="release"/><property name="java.specification.vendor" value="Oracle Corporation"/><property name="java.version.date" value="2024-04-16"/><property name="java.home" value="C:\Program Files\Java\jdk-22"/><property name="file.separator" value="\"/><property name="java.vm.compressedOopsMode" value="32-bit"/><property name="line.separator" value="
"/><property name="java.vm.specification.vendor" value="Oracle Corporation"/><property name="java.specification.name" value="Java Platform API Specification"/><property name="user.script" value=""/><property name="sun.management.compiler" value="HotSpot 64-Bit Tiered Compilers"/><property name="java.runtime.version" value="22.0.1+8-16"/><property name="user.name" value="Azizbek"/><property name="log4j.ignoreTCL" value="true"/><property name="file.encoding" value="UTF-8"/><property name="jnidispatch.path" value="C:\Users\Azizbek\AppData\Local\Temp\jna-1151655166\jna13720023032217186627.dll"/><property name="jna.loaded" value="true"/><property name="java.io.tmpdir" value="C:\Users\Azizbek\AppData\Local\Temp\"/><property name="java.version" value="22.0.1"/><property name="java.vm.specification.name" value="Java Virtual Machine Specification"/><property name="sun.os.patch.level" value=""/><property name="native.encoding" value="Cp1252"/><property name="java.library.path" value="C:\Program Files\Java\jdk-22\bin;C:\Windows\Sun\Java\bin;C:\Windows\system32;C:\Windows;C:\Program Files (x86)\NVIDIA Corporation\PhysX\Common;C:\Program Files\Common Files\Oracle\Java\javapath;C:\Windows\system32;C:\Windows;C:\Windows\System32\Wbem;C:\Windows\System32\WindowsPowerShell\v1.0\;C:\Windows\System32\OpenSSH\;C:\Program Files\Git\cmd;C:\Program Files\Java\jdk-22\bin;;C:\Program Files\Docker\Docker\resources\bin;C:\Users\Azizbek\AppData\Local\Microsoft\WindowsApps;C:\Program Files\JetBrains\IntelliJ IDEA Community Edition 2024.2.1\bin;C:\Users\Azizbek\AppData\Local\Programs\Microsoft VS Code\bin;C:\Users\Azizbek\AppData\Local\Coursier\data\bin;C:\Program Files\Java\jdk-22\bin;;."/><property name="stderr.encoding" value="cp437"/><property name="java.vendor" value="Oracle Corporation"/><property name="scala.ext.dirs" value="C:\Users\Azizbek\.sbt\1.0\java9-rt-ext-oracle_corporation_22_0_1"/><property name="sun.io.unicode.encoding" value="UnicodeLittle"/><property name="java.class.path" value="C:\Users\Azizbek\AppData\Local\Coursier\cache\arc\https\github.com\sbt\sbt\releases\download\v1.10.2\sbt-1.10.2.zip\sbt\bin\sbt-launch.jar"/><property name="java.vm.vendor" value="Oracle Corporation"/><property name="user.variant" value=""/><property name="jline.shutdownhook" value="false"/><property name="user.timezone" value="Asia/Tashkent"/><property name="java.vm.specification.version" value="22"/><property name="os.name" value="Windows 11"/><property name="sun.java.launcher" value="SUN_STANDARD"/><property name="user.country" value="US"/><property name="sun.cpu.endian" value="little"/><property name="user.home" value="C:\Users\Azizbek"/><property name="user.language" value="en"/><property name="sbt.ipcsocket.tmpdir" value="C:\Users\Azizbek\AppData\Local\Temp\.sbta5d7e459\ipcsocket"/><property name="swoval.tmpdir" value="C:\Users\Azizbek\AppData\Local\Temp\.sbta5d7e459\swoval"/><property name="user.script.format" value="Latn"/><property name="jline.esc.timeout" value="0"/><property name="stdout.encoding" value="cp437"/><property name="path.separator" value=";"/><property name="os.version" value="10.0"/><property name="jna.nosys" value="true"/><property name="java.runtime.name" value="Java(TM) SE Runtime Environment"/><property name="java.vm.name" value="Java HotSpot(TM) 64-Bit Server VM"/><property name="java.vendor.url.bug" value="https://bugreport.java.com/bugreport/"/><property name="user.dir" value="D:\Programming\pgconnect"/><property name="os.arch" value="amd64"/><property name="user.language.format" value="uz"/><property name="java.vm.info" value="mixed mode, sharing"/><property name="java.vm.version" value="22.0.1+8-16"/><property name="java.class.version" value="66.0"/>
    </properties>
          <testcase classname="UserRepositoryImplTest" name="UserRepositoryImpl should create a user" time="3.623">
                      
                    </testcase><testcase classname="UserRepositoryImplTest" name="UserRepositoryImpl should read a user by id" time="0.052">
                      
                    </testcase><testcase classname="UserRepositoryImplTest" name="UserRepositoryImpl should update a user" time="0.031">
                      
                    </testcase><testcase classname="UserRepositoryImplTest" name="UserRepositoryImpl should delete a user by id" time="0.034">
                      
                    </testcase>
          <system-out><![CDATA[]]></system-out>
          <system-err><![CDATA[]]></system-err>
        </testsuite>